Start testing: Mar 25 17:35 IST
----------------------------------------------------------
1/1 Testing: fs_test_smoke
1/1 Test: fs_test_smoke
Command: "/home/dhruv/Liphis/build-release/fs_test" "/home/dhruv/Liphis"
Directory: /home/dhruv/Liphis/build-release
"fs_test_smoke" start time: Mar 25 17:35 IST
Output:
----------------------------------------------------------
Found 17 entries in: /home/dhruv/Liphis

D .github | /home/dhruv/Liphis/.github | size=0 | mtime=1770981649
F LiphisApp-Logo.png | /home/dhruv/Liphis/LiphisApp-Logo.png | size=1461125 | mtime=1774255406
D core | /home/dhruv/Liphis/core | size=0 | mtime=1774256829
F CMakeLists.txt | /home/dhruv/Liphis/CMakeLists.txt | size=3688 | mtime=1774440114
D .git | /home/dhruv/Liphis/.git | size=0 | mtime=1774434682
D tests | /home/dhruv/Liphis/tests | size=0 | mtime=1770981587
D dist | /home/dhruv/Liphis/dist | size=0 | mtime=1774440308
D packaging | /home/dhruv/Liphis/packaging | size=0 | mtime=1774440117
F .clang-tidy | /home/dhruv/Liphis/.clang-tidy | size=156 | mtime=1770981833
D build | /home/dhruv/Liphis/build | size=0 | mtime=1774440227
F .gitignore | /home/dhruv/Liphis/.gitignore | size=83 | mtime=1770981841
F LICENSE | /home/dhruv/Liphis/LICENSE | size=1071 | mtime=1774250518
F .clang-format | /home/dhruv/Liphis/.clang-format | size=77 | mtime=1770981828
D build-release | /home/dhruv/Liphis/build-release | size=0 | mtime=1774440308
D scripts | /home/dhruv/Liphis/scripts | size=0 | mtime=1774440134
F .editorconfig | /home/dhruv/Liphis/.editorconfig | size=147 | mtime=1770981836
D src | /home/dhruv/Liphis/src | size=0 | mtime=1771241418
<end of output>
Test time =   0.00 sec
----------------------------------------------------------
Test Passed.
"fs_test_smoke" end time: Mar 25 17:35 IST
"fs_test_smoke" time elapsed: 00:00:00
----------------------------------------------------------

End testing: Mar 25 17:35 IST
